

Started GET "/" for 127.0.0.1 at 2016-03-31 16:10:11 -0700

PG::ConnectionBad (FATAL:  password authentication failed for user "postgres"
FATAL:  password authentication failed for user "postgres"
):
  activerecord (4.2.0) lib/active_record/connection_adapters/postgresql_adapter.rb:651:in `initialize'
  activerecord (4.2.0) lib/active_record/connection_adapters/postgresql_adapter.rb:651:in `new'
  activerecord (4.2.0) lib/active_record/connection_adapters/postgresql_adapter.rb:651:in `connect'
  activerecord (4.2.0) lib/active_record/connection_adapters/postgresql_adapter.rb:242:in `initialize'
  activerecord (4.2.0) lib/active_record/connection_adapters/postgresql_adapter.rb:44:in `new'
  activerecord (4.2.0) lib/active_record/connection_adapters/postgresql_adapter.rb:44:in `postgresql_connection'
  activerecord (4.2.0) lib/active_record/connection_adapters/abstract/connection_pool.rb:436:in `new_connection'
  activerecord (4.2.0) lib/active_record/connection_adapters/abstract/connection_pool.rb:446:in `checkout_new_connection'
  activerecord (4.2.0) lib/active_record/connection_adapters/abstract/connection_pool.rb:422:in `acquire_connection'
  activerecord (4.2.0) lib/active_record/connection_adapters/abstract/connection_pool.rb:349:in `block in checkout'
  /home/a/.rvm/rubies/ruby-2.1.6/lib/ruby/2.1.0/monitor.rb:211:in `mon_synchronize'
  activerecord (4.2.0) lib/active_record/connection_adapters/abstract/connection_pool.rb:348:in `checkout'
  activerecord (4.2.0) lib/active_record/connection_adapters/abstract/connection_pool.rb:263:in `block in connection'
  /home/a/.rvm/rubies/ruby-2.1.6/lib/ruby/2.1.0/monitor.rb:211:in `mon_synchronize'
  activerecord (4.2.0) lib/active_record/connection_adapters/abstract/connection_pool.rb:262:in `connection'
  activerecord (4.2.0) lib/active_record/connection_adapters/abstract/connection_pool.rb:565:in `retrieve_connection'
  activerecord (4.2.0) lib/active_record/connection_handling.rb:113:in `retrieve_connection'
  activerecord (4.2.0) lib/active_record/connection_handling.rb:87:in `connection'
  activerecord (4.2.0) lib/active_record/migration.rb:384:in `connection'
  activerecord (4.2.0) lib/active_record/migration.rb:371:in `call'
  actionpack (4.2.0) lib/action_dispatch/middleware/callbacks.rb:29:in `block in call'
  activesupport (4.2.0) lib/active_support/callbacks.rb:88:in `call'
  activesupport (4.2.0) lib/active_support/callbacks.rb:88:in `_run_callbacks'
  activesupport (4.2.0) lib/active_support/callbacks.rb:734:in `_run_call_callbacks'
  activesupport (4.2.0) lib/active_support/callbacks.rb:81:in `run_callbacks'
  actionpack (4.2.0) lib/action_dispatch/middleware/callbacks.rb:27:in `call'
  actionpack (4.2.0) lib/action_dispatch/middleware/reloader.rb:73:in `call'
  actionpack (4.2.0) lib/action_dispatch/middleware/remote_ip.rb:78:in `call'
  actionpack (4.2.0) lib/action_dispatch/middleware/debug_exceptions.rb:17:in `call'
  web-console (2.1.2) lib/web_console/middleware.rb:37:in `call'
  actionpack (4.2.0) lib/action_dispatch/middleware/show_exceptions.rb:30:in `call'
  railties (4.2.0) lib/rails/rack/logger.rb:38:in `call_app'
  railties (4.2.0) lib/rails/rack/logger.rb:20:in `block in call'
  activesupport (4.2.0) lib/active_support/tagged_logging.rb:68:in `block in tagged'
  activesupport (4.2.0) lib/active_support/tagged_logging.rb:26:in `tagged'
  activesupport (4.2.0) lib/active_support/tagged_logging.rb:68:in `tagged'
  railties (4.2.0) lib/rails/rack/logger.rb:20:in `call'
  actionpack (4.2.0) lib/action_dispatch/middleware/request_id.rb:21:in `call'
  rack (1.6.0) lib/rack/methodoverride.rb:22:in `call'
  rack (1.6.0) lib/rack/runtime.rb:18:in `call'
  activesupport (4.2.0) lib/active_support/cache/strategy/local_cache_middleware.rb:28:in `call'
  rack (1.6.0) lib/rack/lock.rb:17:in `call'
  actionpack (4.2.0) lib/action_dispatch/middleware/static.rb:113:in `call'
  rack (1.6.0) lib/rack/sendfile.rb:113:in `call'
  railties (4.2.0) lib/rails/engine.rb:518:in `call'
  railties (4.2.0) lib/rails/application.rb:164:in `call'
  rack (1.6.0) lib/rack/content_length.rb:15:in `call'
  puma (2.11.0) lib/puma/server.rb:507:in `handle_request'
  puma (2.11.0) lib/puma/server.rb:375:in `process_client'
  puma (2.11.0) lib/puma/server.rb:262:in `block in run'
  puma (2.11.0) lib/puma/thread_pool.rb:104:in `call'
  puma (2.11.0) lib/puma/thread_pool.rb:104:in `block in spawn_thread'


  Rendered /home/a/.rvm/gems/ruby-2.1.6@myapp/gems/actionpack-4.2.0/lib/action_dispatch/middleware/templates/rescues/_source.erb (3.3ms)
  Rendered /home/a/.rvm/gems/ruby-2.1.6@myapp/gems/actionpack-4.2.0/lib/action_dispatch/middleware/templates/rescues/_trace.html.erb (1.6ms)
  Rendered /home/a/.rvm/gems/ruby-2.1.6@myapp/gems/actionpack-4.2.0/lib/action_dispatch/middleware/templates/rescues/_request_and_response.html.erb (1.0ms)
  Rendered /home/a/.rvm/gems/ruby-2.1.6@myapp/gems/actionpack-4.2.0/lib/action_dispatch/middleware/templates/rescues/diagnostics.html.erb within rescues/layout (27.6ms)
  Rendered /home/a/.rvm/gems/ruby-2.1.6@myapp/gems/web-console-2.1.2/lib/web_console/templates/_markup.html.erb (0.6ms)
  Rendered /home/a/.rvm/gems/ruby-2.1.6@myapp/gems/web-console-2.1.2/lib/web_console/templates/style.css.erb within layouts/inlined_string (0.4ms)
  Rendered /home/a/.rvm/gems/ruby-2.1.6@myapp/gems/web-console-2.1.2/lib/web_console/templates/_inner_console_markup.html.erb within layouts/inlined_string (0.3ms)
  Rendered /home/a/.rvm/gems/ruby-2.1.6@myapp/gems/web-console-2.1.2/lib/web_console/templates/_prompt_box_markup.html.erb within layouts/inlined_string (0.5ms)
  Rendered /home/a/.rvm/gems/ruby-2.1.6@myapp/gems/web-console-2.1.2/lib/web_console/templates/console.js.erb within layouts/javascript (33.4ms)
  Rendered /home/a/.rvm/gems/ruby-2.1.6@myapp/gems/web-console-2.1.2/lib/web_console/templates/main.js.erb within layouts/javascript (0.4ms)
  Rendered /home/a/.rvm/gems/ruby-2.1.6@myapp/gems/web-console-2.1.2/lib/web_console/templates/error_page.js.erb within layouts/javascript (0.5ms)
  Rendered /home/a/.rvm/gems/ruby-2.1.6@myapp/gems/web-console-2.1.2/lib/web_console/templates/index.html.erb (71.4ms)


Started GET "/" for 127.0.0.1 at 2016-03-31 16:10:54 -0700
  [1m[36mActiveRecord::SchemaMigration Load (0.5ms)[0m  [1mSELECT "schema_migrations".* FROM "schema_migrations"[0m
Processing by PinsController#index as HTML
  [1m[35mPin Load (1.5ms)[0m  SELECT "pins".* FROM "pins"
  Rendered pins/index.erb within layouts/application (5.4ms)
Completed 200 OK in 657ms (Views: 637.7ms | ActiveRecord: 2.3ms)


Started GET "/assets/cosmo-bootswatch-theme-450effffe2a267bc84c90be0448c1ea9.css?body=1" for 127.0.0.1 at 2016-03-31 16:10:55 -0700


Started GET "/assets/jquery-87424c3c19e96d4fb033c10ebe21ec40.js?body=1" for 127.0.0.1 at 2016-03-31 16:10:55 -0700


Started GET "/assets/application-bc105cf26f847567b5eae624a793b626.js?body=1" for 127.0.0.1 at 2016-03-31 16:10:55 -0700


Started GET "/assets/turbolinks-f87b3583ca50adb0488b031297f5580d.js?body=1" for 127.0.0.1 at 2016-03-31 16:10:55 -0700


Started GET "/assets/jquery_ujs-e27bd20a10d28155845a22d71ef94f2f.js?body=1" for 127.0.0.1 at 2016-03-31 16:10:55 -0700


Started GET "/" for 127.0.0.1 at 2016-03-31 16:11:45 -0700
  [1m[36mActiveRecord::SchemaMigration Load (0.5ms)[0m  [1mSELECT "schema_migrations".* FROM "schema_migrations"[0m
Processing by PinsController#index as HTML
  [1m[35mPin Load (0.7ms)[0m  SELECT "pins".* FROM "pins"
  Rendered pins/index.erb within layouts/application (4.6ms)
Completed 200 OK in 105ms (Views: 91.4ms | ActiveRecord: 1.6ms)


Started GET "/assets/cosmo-bootswatch-theme-450effffe2a267bc84c90be0448c1ea9.css?body=1" for 127.0.0.1 at 2016-03-31 16:11:45 -0700


Started GET "/assets/jquery_ujs-e27bd20a10d28155845a22d71ef94f2f.js?body=1" for 127.0.0.1 at 2016-03-31 16:11:45 -0700


Started GET "/assets/application-bc105cf26f847567b5eae624a793b626.js?body=1" for 127.0.0.1 at 2016-03-31 16:11:45 -0700


Started GET "/assets/turbolinks-f87b3583ca50adb0488b031297f5580d.js?body=1" for 127.0.0.1 at 2016-03-31 16:11:45 -0700


Started GET "/assets/jquery-87424c3c19e96d4fb033c10ebe21ec40.js?body=1" for 127.0.0.1 at 2016-03-31 16:11:45 -0700
  [1m[36mActiveRecord::SchemaMigration Load (0.4ms)[0m  [1mSELECT "schema_migrations".* FROM "schema_migrations"[0m
  [1m[35mActiveRecord::SchemaMigration Load (0.2ms)[0m  SELECT "schema_migrations".* FROM "schema_migrations"
  [1m[36m (2.7ms)[0m  [1mSELECT t2.oid::regclass::text AS to_table, a1.attname AS column, a2.attname AS primary_key, c.conname AS name, c.confupdtype AS on_update, c.confdeltype AS on_delete
FROM pg_constraint c
JOIN pg_class t1 ON c.conrelid = t1.oid
JOIN pg_class t2 ON c.confrelid = t2.oid
JOIN pg_attribute a1 ON a1.attnum = c.conkey[1] AND a1.attrelid = t1.oid
JOIN pg_attribute a2 ON a2.attnum = c.confkey[1] AND a2.attrelid = t2.oid
JOIN pg_namespace t3 ON c.connamespace = t3.oid
WHERE c.contype = 'f'
  AND t1.relname = 'categories'
  AND t3.nspname = ANY (current_schemas(false))
ORDER BY c.conname
[0m
  [1m[35m (2.8ms)[0m  SELECT t2.oid::regclass::text AS to_table, a1.attname AS column, a2.attname AS primary_key, c.conname AS name, c.confupdtype AS on_update, c.confdeltype AS on_delete
FROM pg_constraint c
JOIN pg_class t1 ON c.conrelid = t1.oid
JOIN pg_class t2 ON c.confrelid = t2.oid
JOIN pg_attribute a1 ON a1.attnum = c.conkey[1] AND a1.attrelid = t1.oid
JOIN pg_attribute a2 ON a2.attnum = c.confkey[1] AND a2.attrelid = t2.oid
JOIN pg_namespace t3 ON c.connamespace = t3.oid
WHERE c.contype = 'f'
  AND t1.relname = 'pins'
  AND t3.nspname = ANY (current_schemas(false))
ORDER BY c.conname

  [1m[36mSQL (0.3ms)[0m  [1mCREATE EXTENSION IF NOT EXISTS "plpgsql"[0m
  [1m[35m (5.1ms)[0m  DROP TABLE "categories" CASCADE
  [1m[36m (21.3ms)[0m  [1mCREATE TABLE "categories" ("id" serial primary key, "name" character varying) [0m
  [1m[35m (4.6ms)[0m  DROP TABLE "pins" CASCADE
  [1m[36m (20.5ms)[0m  [1mCREATE TABLE "pins" ("id" serial primary key, "title" character varying, "url" character varying, "text" text, "slug" character varying, "category_id" integer) [0m
  [1m[35m (9.6ms)[0m  CREATE  INDEX  "index_pins_on_category_id" ON "pins" USING btree ("category_id")
  [1m[36m (0.5ms)[0m  [1mSELECT version FROM "schema_migrations"[0m
  [1m[35mSQL (0.8ms)[0m  CREATE EXTENSION IF NOT EXISTS "plpgsql"
  [1m[36m (3.8ms)[0m  [1mDROP TABLE "categories" CASCADE[0m
  [1m[35m (20.0ms)[0m  CREATE TABLE "categories" ("id" serial primary key, "name" character varying) 
  [1m[36m (4.0ms)[0m  [1mDROP TABLE "pins" CASCADE[0m
  [1m[35m (17.6ms)[0m  CREATE TABLE "pins" ("id" serial primary key, "title" character varying, "url" character varying, "text" text, "slug" character varying, "category_id" integer) 
  [1m[36m (8.2ms)[0m  [1mCREATE  INDEX  "index_pins_on_category_id" ON "pins" USING btree ("category_id")[0m
  [1m[35m (1.0ms)[0m  SELECT version FROM "schema_migrations"
  [1m[36m (14.3ms)[0m  [1mINSERT INTO "schema_migrations" (version) VALUES ('20150409201335')[0m
  [1m[35m (2.6ms)[0m  INSERT INTO "schema_migrations" (version) VALUES ('20150320022457')
  [1m[36m (4.2ms)[0m  [1mINSERT INTO "schema_migrations" (version) VALUES ('20150318194553')[0m
  [1m[35mActiveRecord::SchemaMigration Load (0.3ms)[0m  SELECT "schema_migrations".* FROM "schema_migrations"
  [1m[36mActiveRecord::SchemaMigration Load (0.5ms)[0m  [1mSELECT "schema_migrations".* FROM "schema_migrations"[0m
  [1m[35mActiveRecord::SchemaMigration Load (0.4ms)[0m  SELECT "schema_migrations".* FROM "schema_migrations"
  [1m[36m (3.0ms)[0m  [1mSELECT t2.oid::regclass::text AS to_table, a1.attname AS column, a2.attname AS primary_key, c.conname AS name, c.confupdtype AS on_update, c.confdeltype AS on_delete
FROM pg_constraint c
JOIN pg_class t1 ON c.conrelid = t1.oid
JOIN pg_class t2 ON c.confrelid = t2.oid
JOIN pg_attribute a1 ON a1.attnum = c.conkey[1] AND a1.attrelid = t1.oid
JOIN pg_attribute a2 ON a2.attnum = c.confkey[1] AND a2.attrelid = t2.oid
JOIN pg_namespace t3 ON c.connamespace = t3.oid
WHERE c.contype = 'f'
  AND t1.relname = 'categories'
  AND t3.nspname = ANY (current_schemas(false))
ORDER BY c.conname
[0m
  [1m[35m (2.9ms)[0m  SELECT t2.oid::regclass::text AS to_table, a1.attname AS column, a2.attname AS primary_key, c.conname AS name, c.confupdtype AS on_update, c.confdeltype AS on_delete
FROM pg_constraint c
JOIN pg_class t1 ON c.conrelid = t1.oid
JOIN pg_class t2 ON c.confrelid = t2.oid
JOIN pg_attribute a1 ON a1.attnum = c.conkey[1] AND a1.attrelid = t1.oid
JOIN pg_attribute a2 ON a2.attnum = c.confkey[1] AND a2.attrelid = t2.oid
JOIN pg_namespace t3 ON c.connamespace = t3.oid
WHERE c.contype = 'f'
  AND t1.relname = 'pins'
  AND t3.nspname = ANY (current_schemas(false))
ORDER BY c.conname

  [1m[36mSQL (0.3ms)[0m  [1mCREATE EXTENSION IF NOT EXISTS "plpgsql"[0m
  [1m[35m (6.9ms)[0m  DROP TABLE "categories" CASCADE
  [1m[36m (17.4ms)[0m  [1mCREATE TABLE "categories" ("id" serial primary key, "name" character varying) [0m
  [1m[35m (4.3ms)[0m  DROP TABLE "pins" CASCADE
  [1m[36m (23.2ms)[0m  [1mCREATE TABLE "pins" ("id" serial primary key, "title" character varying, "url" character varying, "text" text, "slug" character varying, "category_id" integer) [0m
  [1m[35m (9.1ms)[0m  CREATE  INDEX  "index_pins_on_category_id" ON "pins" USING btree ("category_id")
  [1m[36m (0.6ms)[0m  [1mSELECT version FROM "schema_migrations"[0m
  [1m[35mSQL (0.2ms)[0m  CREATE EXTENSION IF NOT EXISTS "plpgsql"
  [1m[36m (5.0ms)[0m  [1mDROP TABLE "categories" CASCADE[0m
  [1m[35m (17.2ms)[0m  CREATE TABLE "categories" ("id" serial primary key, "name" character varying) 
  [1m[36m (4.1ms)[0m  [1mDROP TABLE "pins" CASCADE[0m
  [1m[35m (20.2ms)[0m  CREATE TABLE "pins" ("id" serial primary key, "title" character varying, "url" character varying, "text" text, "slug" character varying, "category_id" integer) 
  [1m[36m (7.2ms)[0m  [1mCREATE  INDEX  "index_pins_on_category_id" ON "pins" USING btree ("category_id")[0m
  [1m[35m (0.6ms)[0m  SELECT version FROM "schema_migrations"
  [1m[36mActiveRecord::SchemaMigration Load (1.3ms)[0m  [1mSELECT "schema_migrations".* FROM "schema_migrations"[0m
  [1m[36mActiveRecord::SchemaMigration Load (0.3ms)[0m  [1mSELECT "schema_migrations".* FROM "schema_migrations"[0m
  [1m[36mSQL (0.3ms)[0m  [1mCREATE EXTENSION IF NOT EXISTS "plpgsql"[0m
  [1m[35m (3.6ms)[0m  DROP TABLE "categories" CASCADE
  [1m[36m (20.0ms)[0m  [1mCREATE TABLE "categories" ("id" serial primary key, "name" character varying) [0m
  [1m[35m (5.9ms)[0m  DROP TABLE "pins" CASCADE
  [1m[36m (15.1ms)[0m  [1mCREATE TABLE "pins" ("id" serial primary key, "title" character varying, "url" character varying, "text" text, "slug" character varying, "category_id" integer) [0m
  [1m[35m (8.5ms)[0m  CREATE  INDEX  "index_pins_on_category_id" ON "pins" USING btree ("category_id")
  [1m[36m (0.5ms)[0m  [1mSELECT version FROM "schema_migrations"[0m
  [1m[35mSQL (0.3ms)[0m  CREATE EXTENSION IF NOT EXISTS "plpgsql"
  [1m[36m (3.8ms)[0m  [1mDROP TABLE "categories" CASCADE[0m
  [1m[35m (18.9ms)[0m  CREATE TABLE "categories" ("id" serial primary key, "name" character varying) 
  [1m[36m (9.0ms)[0m  [1mDROP TABLE "pins" CASCADE[0m
  [1m[35m (17.4ms)[0m  CREATE TABLE "pins" ("id" serial primary key, "title" character varying, "url" character varying, "text" text, "slug" character varying, "category_id" integer) 
  [1m[36m (8.6ms)[0m  [1mCREATE  INDEX  "index_pins_on_category_id" ON "pins" USING btree ("category_id")[0m
  [1m[35m (0.4ms)[0m  SELECT version FROM "schema_migrations"
  [1m[36mActiveRecord::SchemaMigration Load (1.1ms)[0m  [1mSELECT "schema_migrations".* FROM "schema_migrations"[0m
  [1m[36mSQL (0.5ms)[0m  [1mCREATE EXTENSION IF NOT EXISTS "plpgsql"[0m
  [1m[35m (3.6ms)[0m  DROP TABLE "pins" CASCADE
  [1m[36m (28.2ms)[0m  [1mCREATE TABLE "pins" ("id" serial primary key, "title" character varying, "url" character varying, "text" text, "slug" character varying, "resource_type" character varying) [0m
  [1m[35m (1.5ms)[0m  SELECT version FROM "schema_migrations"
  [1m[36mSQL (0.3ms)[0m  [1mCREATE EXTENSION IF NOT EXISTS "plpgsql"[0m
  [1m[35m (7.9ms)[0m  DROP TABLE "pins" CASCADE
  [1m[36m (19.2ms)[0m  [1mCREATE TABLE "pins" ("id" serial primary key, "title" character varying, "url" character varying, "text" text, "slug" character varying, "resource_type" character varying) [0m
  [1m[35m (0.4ms)[0m  SELECT version FROM "schema_migrations"
  [1m[36mActiveRecord::SchemaMigration Load (0.4ms)[0m  [1mSELECT "schema_migrations".* FROM "schema_migrations"[0m
  [1m[35m (0.2ms)[0m  BEGIN
  [1m[36mPin Exists (0.7ms)[0m  [1mSELECT  1 AS one FROM "pins" WHERE "pins"."slug" = 'rails-tutorial' LIMIT 1[0m
  [1m[35mSQL (0.3ms)[0m  INSERT INTO "pins" ("title", "url", "text", "slug", "resource_type") VALUES ($1, $2, $3, $4, $5) RETURNING "id"  [["title", "Rails Tutorial"], ["url", "https://www.railstutorial.org/"], ["text", "The trusted standard in self-directed introductions to Ruby on Rails. A complete treatment of all the essentials\n    required in most production Rails applications."], ["slug", "rails-tutorial"], ["resource_type", "rails"]]
  [1m[36m (2.9ms)[0m  [1mCOMMIT[0m
  [1m[35m (0.3ms)[0m  BEGIN
  [1m[36mPin Exists (0.3ms)[0m  [1mSELECT  1 AS one FROM "pins" WHERE "pins"."slug" = 'rails-for-zombies' LIMIT 1[0m
  [1m[35mSQL (0.2ms)[0m  INSERT INTO "pins" ("title", "url", "text", "slug", "resource_type") VALUES ($1, $2, $3, $4, $5) RETURNING "id"  [["title", "Rails for Zombies"], ["url", "http://railsforzombies.org"], ["text", "A fun, gamified way to hone your Rails skills! Come on...who doesn't like fighting zombies?!"], ["slug", "rails-for-zombies"], ["resource_type", "rails"]]
  [1m[36m (3.1ms)[0m  [1mCOMMIT[0m
  [1m[35m (0.1ms)[0m  BEGIN
  [1m[36mPin Exists (0.3ms)[0m  [1mSELECT  1 AS one FROM "pins" WHERE "pins"."slug" = 'try-ruby' LIMIT 1[0m
  [1m[35mSQL (0.2ms)[0m  INSERT INTO "pins" ("title", "url", "text", "slug", "resource_type") VALUES ($1, $2, $3, $4, $5) RETURNING "id"  [["title", "Try Ruby"], ["url", "http://tryruby.org/"], ["text", "An interactive, in-browser tutorial for the Ruby programming language. A thorough walkthrough of \n    Ruby's nuances, geared toward beginners."], ["slug", "try-ruby"], ["resource_type", "ruby"]]
  [1m[36m (3.0ms)[0m  [1mCOMMIT[0m
  [1m[35m (0.1ms)[0m  BEGIN
  [1m[36mPin Exists (0.3ms)[0m  [1mSELECT  1 AS one FROM "pins" WHERE "pins"."slug" = 'ruby-quiz' LIMIT 1[0m
  [1m[35mSQL (0.2ms)[0m  INSERT INTO "pins" ("title", "url", "text", "slug", "resource_type") VALUES ($1, $2, $3, $4, $5) RETURNING "id"  [["title", "Ruby Quiz"], ["url", "http://rubyquiz.org"], ["text", "A collection of quizzes on the Ruby programming language."], ["slug", "ruby-quiz"], ["resource_type", "ruby"]]
  [1m[36m (3.0ms)[0m  [1mCOMMIT[0m
  [1m[35m (0.1ms)[0m  BEGIN
  [1m[36mPin Exists (0.3ms)[0m  [1mSELECT  1 AS one FROM "pins" WHERE "pins"."slug" = 'ga-ror-for-developers' LIMIT 1[0m
  [1m[35mSQL (0.2ms)[0m  INSERT INTO "pins" ("title", "url", "text", "slug", "resource_type") VALUES ($1, $2, $3, $4, $5) RETURNING "id"  [["title", "Ruby on Rails for Developers"], ["url", "https://github.com/generalassembly/ga-ruby-on-rails-for-devs"], ["text", "Somewhat advanced curriculum, but the exercises are also good for anyone who is motivated and \n    self-guided with experience."], ["slug", "ga-ror-for-developers"], ["resource_type", "rails"]]
  [1m[36m (3.4ms)[0m  [1mCOMMIT[0m
  [1m[35m (0.1ms)[0m  BEGIN
  [1m[36mPin Exists (0.4ms)[0m  [1mSELECT  1 AS one FROM "pins" WHERE "pins"."slug" = 'ruby-monk' LIMIT 1[0m
  [1m[35mSQL (0.2ms)[0m  INSERT INTO "pins" ("title", "url", "text", "slug", "resource_type") VALUES ($1, $2, $3, $4, $5) RETURNING "id"  [["title", "Ruby Monk"], ["url", "http://rubymonk.com"], ["text", "The Ruby Primer is a free interactive book that helps you learn Ruby. Discover Ruby idioms, learn \n    lessons and solve problems, all in your browser!"], ["slug", "ruby-monk"], ["resource_type", "ruby"]]
  [1m[36m (2.9ms)[0m  [1mCOMMIT[0m


Started GET "/" for 127.0.0.1 at 2016-03-31 16:41:23 -0700
  [1m[36mActiveRecord::SchemaMigration Load (0.4ms)[0m  [1mSELECT "schema_migrations".* FROM "schema_migrations"[0m
Processing by PinsController#index as HTML
  [1m[35mPin Load (1.1ms)[0m  SELECT "pins".* FROM "pins"
  Rendered pins/index.erb within layouts/application (42.3ms)
Completed 500 Internal Server Error in 65ms

ActionView::Template::Error (undefined method `pin_by_name_path' for #<#<Class:0x00000005c42660>:0x00000005c397e0>):
    19: 
    20:               <div class="pin-title col-xs-9">
    21:                <h4>
    22:                 <%= link_to "#{pin.title}", pin_by_name_path(slug: pin.slug), html_options={target: "_blank"} %>
    23:               </h4>
    24:                <%= link_to "#{pin.url.truncate(30)}", "#{pin.url}", html_options = {target: "_blank"} %>
    25:                </div>
  app/views/pins/index.erb:22:in `block (2 levels) in _app_views_pins_index_erb___2405913070514940537_48232500'
  app/views/pins/index.erb:9:in `each'
  app/views/pins/index.erb:9:in `block in _app_views_pins_index_erb___2405913070514940537_48232500'
  app/views/pins/index.erb:7:in `_app_views_pins_index_erb___2405913070514940537_48232500'


  Rendered /home/a/.rvm/gems/ruby-2.1.6@myapp/gems/actionpack-4.2.0/lib/action_dispatch/middleware/templates/rescues/_source.erb (7.8ms)
  Rendered /home/a/.rvm/gems/ruby-2.1.6@myapp/gems/actionpack-4.2.0/lib/action_dispatch/middleware/templates/rescues/_trace.html.erb (4.1ms)
  Rendered /home/a/.rvm/gems/ruby-2.1.6@myapp/gems/actionpack-4.2.0/lib/action_dispatch/middleware/templates/rescues/_request_and_response.html.erb (1.1ms)
  Rendered /home/a/.rvm/gems/ruby-2.1.6@myapp/gems/actionpack-4.2.0/lib/action_dispatch/middleware/templates/rescues/template_error.html.erb within rescues/layout (29.4ms)
  Rendered /home/a/.rvm/gems/ruby-2.1.6@myapp/gems/web-console-2.1.2/lib/web_console/templates/_markup.html.erb (0.8ms)
  Rendered /home/a/.rvm/gems/ruby-2.1.6@myapp/gems/web-console-2.1.2/lib/web_console/templates/style.css.erb within layouts/inlined_string (0.4ms)
  Rendered /home/a/.rvm/gems/ruby-2.1.6@myapp/gems/web-console-2.1.2/lib/web_console/templates/_inner_console_markup.html.erb within layouts/inlined_string (0.4ms)
  Rendered /home/a/.rvm/gems/ruby-2.1.6@myapp/gems/web-console-2.1.2/lib/web_console/templates/_prompt_box_markup.html.erb within layouts/inlined_string (0.4ms)
  Rendered /home/a/.rvm/gems/ruby-2.1.6@myapp/gems/web-console-2.1.2/lib/web_console/templates/console.js.erb within layouts/javascript (18.3ms)
  Rendered /home/a/.rvm/gems/ruby-2.1.6@myapp/gems/web-console-2.1.2/lib/web_console/templates/main.js.erb within layouts/javascript (0.4ms)
  Rendered /home/a/.rvm/gems/ruby-2.1.6@myapp/gems/web-console-2.1.2/lib/web_console/templates/error_page.js.erb within layouts/javascript (0.5ms)
  Rendered /home/a/.rvm/gems/ruby-2.1.6@myapp/gems/web-console-2.1.2/lib/web_console/templates/index.html.erb (49.6ms)


Started GET "/" for 127.0.0.1 at 2016-03-31 16:53:59 -0700
  [1m[36mActiveRecord::SchemaMigration Load (0.6ms)[0m  [1mSELECT "schema_migrations".* FROM "schema_migrations"[0m
Processing by PinsController#index as HTML
  [1m[35mPin Load (0.7ms)[0m  SELECT "pins".* FROM "pins"
  Rendered pins/index.erb within layouts/application (36.3ms)
Completed 500 Internal Server Error in 63ms

ActionView::Template::Error (undefined method `pin_by_name_path' for #<#<Class:0x000000048173e8>:0x0000000480e9c8>):
    21: 
    22:               <div class="pin-title col-xs-9">
    23:                <h4>
    24:                 <%= link_to "#{pin.title}", pin_by_name_path(slug: pin.slug), html_options={target: "_blank"} %>
    25:               </h4>
    26:                <%= link_to "#{pin.url.truncate(30)}", "#{pin.url}", html_options = {target: "_blank"} %>
    27:                </div>
  app/views/pins/index.erb:24:in `block (2 levels) in _app_views_pins_index_erb__4426650809910180920_37653080'
  app/views/pins/index.erb:9:in `each'
  app/views/pins/index.erb:9:in `block in _app_views_pins_index_erb__4426650809910180920_37653080'
  app/views/pins/index.erb:7:in `_app_views_pins_index_erb__4426650809910180920_37653080'


  Rendered /home/a/.rvm/gems/ruby-2.1.6@myapp/gems/actionpack-4.2.0/lib/action_dispatch/middleware/templates/rescues/_source.erb (13.0ms)
  Rendered /home/a/.rvm/gems/ruby-2.1.6@myapp/gems/actionpack-4.2.0/lib/action_dispatch/middleware/templates/rescues/_trace.html.erb (5.8ms)
  Rendered /home/a/.rvm/gems/ruby-2.1.6@myapp/gems/actionpack-4.2.0/lib/action_dispatch/middleware/templates/rescues/_request_and_response.html.erb (1.7ms)
  Rendered /home/a/.rvm/gems/ruby-2.1.6@myapp/gems/actionpack-4.2.0/lib/action_dispatch/middleware/templates/rescues/template_error.html.erb within rescues/layout (36.0ms)
  Rendered /home/a/.rvm/gems/ruby-2.1.6@myapp/gems/web-console-2.1.2/lib/web_console/templates/_markup.html.erb (0.5ms)
  Rendered /home/a/.rvm/gems/ruby-2.1.6@myapp/gems/web-console-2.1.2/lib/web_console/templates/style.css.erb within layouts/inlined_string (0.4ms)
  Rendered /home/a/.rvm/gems/ruby-2.1.6@myapp/gems/web-console-2.1.2/lib/web_console/templates/_inner_console_markup.html.erb within layouts/inlined_string (0.4ms)
  Rendered /home/a/.rvm/gems/ruby-2.1.6@myapp/gems/web-console-2.1.2/lib/web_console/templates/_prompt_box_markup.html.erb within layouts/inlined_string (0.4ms)
  Rendered /home/a/.rvm/gems/ruby-2.1.6@myapp/gems/web-console-2.1.2/lib/web_console/templates/console.js.erb within layouts/javascript (21.9ms)
  Rendered /home/a/.rvm/gems/ruby-2.1.6@myapp/gems/web-console-2.1.2/lib/web_console/templates/main.js.erb within layouts/javascript (0.4ms)
  Rendered /home/a/.rvm/gems/ruby-2.1.6@myapp/gems/web-console-2.1.2/lib/web_console/templates/error_page.js.erb within layouts/javascript (0.5ms)
  Rendered /home/a/.rvm/gems/ruby-2.1.6@myapp/gems/web-console-2.1.2/lib/web_console/templates/index.html.erb (47.1ms)


Started GET "/" for 127.0.0.1 at 2016-03-31 16:58:09 -0700
Processing by PinsController#index as HTML
  [1m[36mPin Load (0.5ms)[0m  [1mSELECT "pins".* FROM "pins"[0m
  Rendered pins/index.erb within layouts/application (30.9ms)
Completed 500 Internal Server Error in 39ms

ActionView::Template::Error (undefined method `pin_by_name_path' for #<#<Class:0x000000050b0e28>:0x000000050a09b0>):
    21: 
    22:               <div class="pin-title col-xs-9">
    23:                <h4>
    24:                 <%= link_to "#{pin.title}", pin_by_name_path(slug: pin.slug), html_options={target: "_blank"} %>
    25:               </h4>
    26:                <%= link_to "#{pin.url.truncate(30)}", "#{pin.url}", html_options = {target: "_blank"} %>
    27:                </div>
  app/views/pins/index.erb:24:in `block (2 levels) in _app_views_pins_index_erb__4426650809910180920_37653080'
  app/views/pins/index.erb:9:in `each'
  app/views/pins/index.erb:9:in `block in _app_views_pins_index_erb__4426650809910180920_37653080'
  app/views/pins/index.erb:7:in `_app_views_pins_index_erb__4426650809910180920_37653080'


  Rendered /home/a/.rvm/gems/ruby-2.1.6@myapp/gems/actionpack-4.2.0/lib/action_dispatch/middleware/templates/rescues/_source.erb (9.8ms)
  Rendered /home/a/.rvm/gems/ruby-2.1.6@myapp/gems/actionpack-4.2.0/lib/action_dispatch/middleware/templates/rescues/_trace.html.erb (2.9ms)
  Rendered /home/a/.rvm/gems/ruby-2.1.6@myapp/gems/actionpack-4.2.0/lib/action_dispatch/middleware/templates/rescues/_request_and_response.html.erb (0.9ms)
  Rendered /home/a/.rvm/gems/ruby-2.1.6@myapp/gems/actionpack-4.2.0/lib/action_dispatch/middleware/templates/rescues/template_error.html.erb within rescues/layout (26.2ms)
  Rendered /home/a/.rvm/gems/ruby-2.1.6@myapp/gems/web-console-2.1.2/lib/web_console/templates/_markup.html.erb (0.5ms)
  Rendered /home/a/.rvm/gems/ruby-2.1.6@myapp/gems/web-console-2.1.2/lib/web_console/templates/style.css.erb within layouts/inlined_string (0.5ms)
  Rendered /home/a/.rvm/gems/ruby-2.1.6@myapp/gems/web-console-2.1.2/lib/web_console/templates/_inner_console_markup.html.erb within layouts/inlined_string (0.6ms)
  Rendered /home/a/.rvm/gems/ruby-2.1.6@myapp/gems/web-console-2.1.2/lib/web_console/templates/_prompt_box_markup.html.erb within layouts/inlined_string (0.5ms)
  Rendered /home/a/.rvm/gems/ruby-2.1.6@myapp/gems/web-console-2.1.2/lib/web_console/templates/console.js.erb within layouts/javascript (17.1ms)
  Rendered /home/a/.rvm/gems/ruby-2.1.6@myapp/gems/web-console-2.1.2/lib/web_console/templates/main.js.erb within layouts/javascript (0.5ms)
  Rendered /home/a/.rvm/gems/ruby-2.1.6@myapp/gems/web-console-2.1.2/lib/web_console/templates/error_page.js.erb within layouts/javascript (0.6ms)
  Rendered /home/a/.rvm/gems/ruby-2.1.6@myapp/gems/web-console-2.1.2/lib/web_console/templates/index.html.erb (36.1ms)


Started GET "/rails/info" for 127.0.0.1 at 2016-03-31 17:01:52 -0700
Processing by Rails::InfoController#index as HTML
Redirected to http://localhost:3000/rails/info/routes
Completed 302 Found in 2ms (ActiveRecord: 0.0ms)


Started GET "/rails/info/routes" for 127.0.0.1 at 2016-03-31 17:01:52 -0700
Processing by Rails::InfoController#routes as HTML
  Rendered /home/a/.rvm/gems/ruby-2.1.6@myapp/gems/actionpack-4.2.0/lib/action_dispatch/middleware/templates/routes/_route.html.erb (2.3ms)
  Rendered /home/a/.rvm/gems/ruby-2.1.6@myapp/gems/actionpack-4.2.0/lib/action_dispatch/middleware/templates/routes/_table.html.erb (17.8ms)
  Rendered /home/a/.rvm/gems/ruby-2.1.6@myapp/gems/railties-4.2.0/lib/rails/templates/rails/info/routes.html.erb within layouts/application (27.9ms)
Completed 200 OK in 46ms (Views: 45.0ms | ActiveRecord: 0.0ms)


Started GET "/" for 127.0.0.1 at 2016-03-31 17:06:04 -0700
  [1m[36mActiveRecord::SchemaMigration Load (0.5ms)[0m  [1mSELECT "schema_migrations".* FROM "schema_migrations"[0m
Processing by PinsController#index as HTML
  [1m[35mPin Load (0.6ms)[0m  SELECT "pins".* FROM "pins"
  Rendered pins/index.erb within layouts/application (22.9ms)
Completed 200 OK in 187ms (Views: 165.8ms | ActiveRecord: 7.1ms)


Started GET "/assets/pins-a0bbdfad080ba893e6664016b8cdf86a.css?body=1" for 127.0.0.1 at 2016-03-31 17:06:05 -0700


Started GET "/assets/application-dd81910bb6958399c9f14971b0a7b5a2.css?body=1" for 127.0.0.1 at 2016-03-31 17:06:05 -0700


Started GET "/assets/cosmo-bootswatch-theme-450effffe2a267bc84c90be0448c1ea9.css?body=1" for 127.0.0.1 at 2016-03-31 17:06:05 -0700


Started GET "/assets/application-bc105cf26f847567b5eae624a793b626.js?body=1" for 127.0.0.1 at 2016-03-31 17:06:05 -0700


Started GET "/assets/jquery_ujs-e27bd20a10d28155845a22d71ef94f2f.js?body=1" for 127.0.0.1 at 2016-03-31 17:06:05 -0700


Started GET "/assets/turbolinks-f87b3583ca50adb0488b031297f5580d.js?body=1" for 127.0.0.1 at 2016-03-31 17:06:05 -0700


Started GET "/assets/jquery-87424c3c19e96d4fb033c10ebe21ec40.js?body=1" for 127.0.0.1 at 2016-03-31 17:06:05 -0700


Started GET "/assets/laptop-background-280277fdcad4c5b6066d8c2814432e86.jpg" for 127.0.0.1 at 2016-03-31 17:06:05 -0700
